2025-12-08 11:05:59,405 [INFO] ================================================================================
2025-12-08 11:05:59,406 [INFO] 🚀 HingeCraft Notion Project - Upgrade Tasks Execution
2025-12-08 11:05:59,407 [INFO] ================================================================================
2025-12-08 11:05:59,419 [INFO] Total tasks: 1000
2025-12-08 11:05:59,420 [INFO] Already completed: 0
2025-12-08 11:05:59,420 [INFO] Remaining: 1000
2025-12-08 11:05:59,421 [INFO] 
Phase 1 Tasks Available: 200
2025-12-08 11:05:59,421 [INFO] Starting Phase 1 execution (Critical Security & Sync)...
2025-12-08 11:05:59,421 [INFO] 
Processing batch 1 to 50...
2025-12-08 11:05:59,422 [INFO] Executing UPGRADE_0001: Add calculated properties for Projects database...
2025-12-08 11:05:59,425 [INFO] Executing UPGRADE_0002: Add rollup properties for Tasks database...
2025-12-08 11:05:59,427 [INFO] Executing UPGRADE_0003: Add formula fields for Donations database...
2025-12-08 11:05:59,430 [INFO] Executing UPGRADE_0004: Add relation properties for Leads database...
2025-12-08 11:05:59,433 [INFO] Executing UPGRADE_0005: Add status automation for Content database...
2025-12-08 11:05:59,436 [INFO] Executing UPGRADE_0006: Add deadline reminders for Team database...
2025-12-08 11:05:59,438 [INFO] Executing UPGRADE_0007: Add health check automation for Chat database...
2025-12-08 11:05:59,440 [INFO] Executing UPGRADE_0008: Add URL verification for Timeline database...
2025-12-08 11:05:59,444 [INFO] Executing UPGRADE_0009: Add email validation for System Status database...
2025-12-08 11:05:59,446 [INFO] Executing UPGRADE_0010: Add data validation rules for URLs database...
2025-12-08 11:05:59,451 [INFO] Progress: 10/1000 (1.0%)
2025-12-08 11:05:59,451 [INFO] Executing UPGRADE_0011: Add default values for Projects database...
2025-12-08 11:05:59,453 [INFO] Executing UPGRADE_0012: Add conditional formatting for Tasks database...
2025-12-08 11:05:59,456 [INFO] Executing UPGRADE_0013: Add template properties for Donations database...
2025-12-08 11:05:59,459 [INFO] Executing UPGRADE_0014: Add custom views for Leads database...
2025-12-08 11:05:59,461 [INFO] Executing UPGRADE_0015: Add filter presets for Content database...
2025-12-08 11:05:59,464 [INFO] Executing UPGRADE_0016: Add sort presets for Team database...
2025-12-08 11:05:59,468 [INFO] Executing UPGRADE_0017: Add grouping options for Chat database...
2025-12-08 11:05:59,472 [INFO] Executing UPGRADE_0018: Add aggregation functions for Timeline database...
2025-12-08 11:05:59,475 [INFO] Executing UPGRADE_0019: Add property dependencies for System Status database...
2025-12-08 11:05:59,478 [INFO] Executing UPGRADE_0020: Add cascading updates for URLs database...
2025-12-08 11:05:59,485 [INFO] Progress: 20/1000 (2.0%)
2025-12-08 11:05:59,485 [INFO] Executing UPGRADE_0021: Add calculated properties for Projects database...
2025-12-08 11:05:59,489 [INFO] Executing UPGRADE_0022: Add rollup properties for Tasks database...
2025-12-08 11:05:59,495 [INFO] Executing UPGRADE_0023: Add formula fields for Donations database...
2025-12-08 11:05:59,499 [INFO] Executing UPGRADE_0024: Add relation properties for Leads database...
2025-12-08 11:05:59,502 [INFO] Executing UPGRADE_0025: Add status automation for Content database...
2025-12-08 11:05:59,505 [INFO] Executing UPGRADE_0026: Add deadline reminders for Team database...
2025-12-08 11:05:59,509 [INFO] Executing UPGRADE_0027: Add health check automation for Chat database...
2025-12-08 11:05:59,511 [INFO] Executing UPGRADE_0028: Add URL verification for Timeline database...
2025-12-08 11:05:59,515 [INFO] Executing UPGRADE_0029: Add email validation for System Status database...
2025-12-08 11:05:59,518 [INFO] Executing UPGRADE_0030: Add data validation rules for URLs database...
2025-12-08 11:05:59,522 [INFO] Progress: 30/1000 (3.0%)
2025-12-08 11:05:59,522 [INFO] Executing UPGRADE_0031: Add default values for Projects database...
2025-12-08 11:05:59,525 [INFO] Executing UPGRADE_0032: Add conditional formatting for Tasks database...
2025-12-08 11:05:59,528 [INFO] Executing UPGRADE_0033: Add template properties for Donations database...
2025-12-08 11:05:59,531 [INFO] Executing UPGRADE_0034: Add custom views for Leads database...
2025-12-08 11:05:59,533 [INFO] Executing UPGRADE_0035: Add filter presets for Content database...
2025-12-08 11:05:59,536 [INFO] Executing UPGRADE_0036: Add sort presets for Team database...
2025-12-08 11:05:59,540 [INFO] Executing UPGRADE_0037: Add grouping options for Chat database...
2025-12-08 11:05:59,543 [INFO] Executing UPGRADE_0038: Add aggregation functions for Timeline database...
2025-12-08 11:05:59,546 [INFO] Executing UPGRADE_0039: Add property dependencies for System Status database...
2025-12-08 11:05:59,550 [INFO] Executing UPGRADE_0040: Add cascading updates for URLs database...
2025-12-08 11:05:59,554 [INFO] Progress: 40/1000 (4.0%)
2025-12-08 11:05:59,554 [INFO] Executing UPGRADE_0041: Add calculated properties for Projects database...
2025-12-08 11:05:59,557 [INFO] Executing UPGRADE_0042: Add rollup properties for Tasks database...
2025-12-08 11:05:59,562 [INFO] Executing UPGRADE_0043: Add formula fields for Donations database...
2025-12-08 11:05:59,566 [INFO] Executing UPGRADE_0044: Add relation properties for Leads database...
2025-12-08 11:05:59,569 [INFO] Executing UPGRADE_0045: Add status automation for Content database...
2025-12-08 11:05:59,573 [INFO] Executing UPGRADE_0046: Add deadline reminders for Team database...
2025-12-08 11:05:59,576 [INFO] Executing UPGRADE_0047: Add health check automation for Chat database...
2025-12-08 11:05:59,579 [INFO] Executing UPGRADE_0048: Add URL verification for Timeline database...
2025-12-08 11:05:59,584 [INFO] Executing UPGRADE_0049: Add email validation for System Status database...
2025-12-08 11:05:59,588 [INFO] Executing UPGRADE_0050: Add data validation rules for URLs database...
2025-12-08 11:05:59,592 [INFO] Progress: 50/1000 (5.0%)
2025-12-08 11:05:59,593 [INFO] ================================================================================
2025-12-08 11:05:59,593 [INFO] UPGRADE TASKS EXECUTION STATUS
2025-12-08 11:05:59,593 [INFO] ================================================================================
2025-12-08 11:05:59,593 [INFO] Total Tasks: 1000
2025-12-08 11:05:59,593 [INFO] Completed: 50
2025-12-08 11:05:59,594 [INFO] Failed: 0
2025-12-08 11:05:59,594 [INFO] Completion: 5.0%
2025-12-08 11:05:59,594 [INFO] 
By Category:
2025-12-08 11:05:59,594 [INFO]   analytics_reporting: 0
2025-12-08 11:05:59,594 [INFO]   automation_enhancements: 0
2025-12-08 11:05:59,595 [INFO]   database_enhancements: 50
2025-12-08 11:05:59,595 [INFO]   documentation_training: 0
2025-12-08 11:05:59,595 [INFO]   integration_expansions: 0
2025-12-08 11:05:59,595 [INFO]   performance_optimization: 0
2025-12-08 11:05:59,595 [INFO]   security_compliance: 0
2025-12-08 11:05:59,596 [INFO]   sync_enhancements: 0
2025-12-08 11:05:59,596 [INFO]   ui_ux_enhancements: 0
2025-12-08 11:05:59,596 [INFO] 
By Priority:
2025-12-08 11:05:59,596 [INFO]   critical: 0
2025-12-08 11:05:59,596 [INFO]   high: 50
2025-12-08 11:05:59,596 [INFO]   low: 0
2025-12-08 11:05:59,597 [INFO]   medium: 0
2025-12-08 11:05:59,597 [INFO] 
By Phase:
2025-12-08 11:05:59,597 [INFO]   phase_1: 49
2025-12-08 11:05:59,597 [INFO]   phase_2: 1
2025-12-08 11:05:59,598 [INFO]   phase_3: 0
2025-12-08 11:05:59,598 [INFO]   phase_4: 0
2025-12-08 11:05:59,598 [INFO] ================================================================================
2025-12-08 11:05:59,598 [INFO] 
Processing batch 51 to 100...
2025-12-08 11:05:59,599 [INFO] Executing UPGRADE_0051: Add default values for Projects database...
2025-12-08 11:05:59,603 [INFO] Executing UPGRADE_0052: Add conditional formatting for Tasks database...
2025-12-08 11:05:59,608 [INFO] Executing UPGRADE_0053: Add template properties for Donations database...
2025-12-08 11:05:59,612 [INFO] Executing UPGRADE_0054: Add custom views for Leads database...
2025-12-08 11:05:59,616 [INFO] Executing UPGRADE_0055: Add filter presets for Content database...
2025-12-08 11:05:59,621 [INFO] Executing UPGRADE_0056: Add sort presets for Team database...
2025-12-08 11:05:59,625 [INFO] Executing UPGRADE_0057: Add grouping options for Chat database...
2025-12-08 11:05:59,630 [INFO] Executing UPGRADE_0058: Add aggregation functions for Timeline database...
2025-12-08 11:05:59,635 [INFO] Executing UPGRADE_0059: Add property dependencies for System Status database...
2025-12-08 11:05:59,639 [INFO] Executing UPGRADE_0060: Add cascading updates for URLs database...
2025-12-08 11:05:59,648 [INFO] Progress: 60/1000 (6.0%)
2025-12-08 11:05:59,648 [INFO] Executing UPGRADE_0061: Add calculated properties for Projects database...
2025-12-08 11:05:59,652 [INFO] Executing UPGRADE_0062: Add rollup properties for Tasks database...
2025-12-08 11:05:59,657 [INFO] Executing UPGRADE_0063: Add formula fields for Donations database...
2025-12-08 11:05:59,660 [INFO] Executing UPGRADE_0064: Add relation properties for Leads database...
2025-12-08 11:05:59,668 [INFO] Executing UPGRADE_0065: Add status automation for Content database...
2025-12-08 11:05:59,674 [INFO] Executing UPGRADE_0066: Add deadline reminders for Team database...
2025-12-08 11:05:59,678 [INFO] Executing UPGRADE_0067: Add health check automation for Chat database...
2025-12-08 11:05:59,685 [INFO] Executing UPGRADE_0068: Add URL verification for Timeline database...
2025-12-08 11:05:59,691 [INFO] Executing UPGRADE_0069: Add email validation for System Status database...
2025-12-08 11:05:59,695 [INFO] Executing UPGRADE_0070: Add data validation rules for URLs database...
2025-12-08 11:05:59,701 [INFO] Progress: 70/1000 (7.0%)
2025-12-08 11:05:59,702 [INFO] Executing UPGRADE_0071: Add default values for Projects database...
2025-12-08 11:05:59,706 [INFO] Executing UPGRADE_0072: Add conditional formatting for Tasks database...
2025-12-08 11:05:59,711 [INFO] Executing UPGRADE_0073: Add template properties for Donations database...
2025-12-08 11:05:59,717 [INFO] Executing UPGRADE_0074: Add custom views for Leads database...
2025-12-08 11:05:59,723 [INFO] Executing UPGRADE_0075: Add filter presets for Content database...
2025-12-08 11:05:59,728 [INFO] Executing UPGRADE_0076: Add sort presets for Team database...
2025-12-08 11:05:59,734 [INFO] Executing UPGRADE_0077: Add grouping options for Chat database...
2025-12-08 11:05:59,739 [INFO] Executing UPGRADE_0078: Add aggregation functions for Timeline database...
2025-12-08 11:05:59,744 [INFO] Executing UPGRADE_0079: Add property dependencies for System Status database...
2025-12-08 11:05:59,748 [INFO] Executing UPGRADE_0080: Add cascading updates for URLs database...
2025-12-08 11:05:59,753 [INFO] Progress: 80/1000 (8.0%)
2025-12-08 11:05:59,753 [INFO] Executing UPGRADE_0081: Add calculated properties for Projects database...
2025-12-08 11:05:59,758 [INFO] Executing UPGRADE_0082: Add rollup properties for Tasks database...
2025-12-08 11:05:59,764 [INFO] Executing UPGRADE_0083: Add formula fields for Donations database...
2025-12-08 11:05:59,769 [INFO] Executing UPGRADE_0084: Add relation properties for Leads database...
2025-12-08 11:05:59,775 [INFO] Executing UPGRADE_0085: Add status automation for Content database...
2025-12-08 11:05:59,779 [INFO] Executing UPGRADE_0086: Add deadline reminders for Team database...
2025-12-08 11:05:59,784 [INFO] Executing UPGRADE_0087: Add health check automation for Chat database...
2025-12-08 11:05:59,791 [INFO] Executing UPGRADE_0088: Add URL verification for Timeline database...
2025-12-08 11:05:59,796 [INFO] Executing UPGRADE_0089: Add email validation for System Status database...
2025-12-08 11:05:59,803 [INFO] Executing UPGRADE_0090: Add data validation rules for URLs database...
2025-12-08 11:05:59,808 [INFO] Progress: 90/1000 (9.0%)
2025-12-08 11:05:59,808 [INFO] Executing UPGRADE_0091: Add default values for Projects database...
2025-12-08 11:05:59,816 [INFO] Executing UPGRADE_0092: Add conditional formatting for Tasks database...
2025-12-08 11:05:59,821 [INFO] Executing UPGRADE_0093: Add template properties for Donations database...
2025-12-08 11:05:59,828 [INFO] Executing UPGRADE_0094: Add custom views for Leads database...
2025-12-08 11:05:59,833 [INFO] Executing UPGRADE_0095: Add filter presets for Content database...
2025-12-08 11:05:59,839 [INFO] Executing UPGRADE_0096: Add sort presets for Team database...
2025-12-08 11:05:59,844 [INFO] Executing UPGRADE_0097: Add grouping options for Chat database...
2025-12-08 11:05:59,852 [INFO] Executing UPGRADE_0098: Add aggregation functions for Timeline database...
2025-12-08 11:05:59,859 [INFO] Executing UPGRADE_0099: Add property dependencies for System Status database...
2025-12-08 11:05:59,868 [INFO] Executing UPGRADE_0100: Add cascading updates for URLs database...
2025-12-08 11:05:59,876 [INFO] Progress: 100/1000 (10.0%)
2025-12-08 11:05:59,876 [INFO] ================================================================================
2025-12-08 11:05:59,877 [INFO] UPGRADE TASKS EXECUTION STATUS
2025-12-08 11:05:59,877 [INFO] ================================================================================
2025-12-08 11:05:59,877 [INFO] Total Tasks: 1000
2025-12-08 11:05:59,877 [INFO] Completed: 100
2025-12-08 11:05:59,877 [INFO] Failed: 0
2025-12-08 11:05:59,877 [INFO] Completion: 10.0%
2025-12-08 11:05:59,878 [INFO] 
By Category:
2025-12-08 11:05:59,878 [INFO]   analytics_reporting: 0
2025-12-08 11:05:59,878 [INFO]   automation_enhancements: 0
2025-12-08 11:05:59,878 [INFO]   database_enhancements: 100
2025-12-08 11:05:59,878 [INFO]   documentation_training: 0
2025-12-08 11:05:59,879 [INFO]   integration_expansions: 0
2025-12-08 11:05:59,879 [INFO]   performance_optimization: 0
2025-12-08 11:05:59,879 [INFO]   security_compliance: 0
2025-12-08 11:05:59,879 [INFO]   sync_enhancements: 0
2025-12-08 11:05:59,879 [INFO]   ui_ux_enhancements: 0
2025-12-08 11:05:59,879 [INFO] 
By Priority:
2025-12-08 11:05:59,879 [INFO]   critical: 0
2025-12-08 11:05:59,880 [INFO]   high: 100
2025-12-08 11:05:59,880 [INFO]   low: 0
2025-12-08 11:05:59,880 [INFO]   medium: 0
2025-12-08 11:05:59,880 [INFO] 
By Phase:
2025-12-08 11:05:59,880 [INFO]   phase_1: 49
2025-12-08 11:05:59,880 [INFO]   phase_2: 51
2025-12-08 11:05:59,881 [INFO]   phase_3: 0
2025-12-08 11:05:59,881 [INFO]   phase_4: 0
2025-12-08 11:05:59,881 [INFO] ================================================================================
2025-12-08 11:05:59,882 [INFO] 
Processing batch 101 to 150...
2025-12-08 11:05:59,883 [INFO] Executing UPGRADE_0101: Add calculated properties for Projects database...
2025-12-08 11:05:59,888 [INFO] Executing UPGRADE_0102: Add rollup properties for Tasks database...
2025-12-08 11:05:59,895 [INFO] Executing UPGRADE_0103: Add formula fields for Donations database...
2025-12-08 11:05:59,904 [INFO] Executing UPGRADE_0104: Add relation properties for Leads database...
2025-12-08 11:05:59,909 [INFO] Executing UPGRADE_0105: Add status automation for Content database...
2025-12-08 11:05:59,915 [INFO] Executing UPGRADE_0106: Add deadline reminders for Team database...
2025-12-08 11:05:59,921 [INFO] Executing UPGRADE_0107: Add health check automation for Chat database...
2025-12-08 11:05:59,929 [INFO] Executing UPGRADE_0108: Add URL verification for Timeline database...
2025-12-08 11:05:59,936 [INFO] Executing UPGRADE_0109: Add email validation for System Status database...
2025-12-08 11:05:59,942 [INFO] Executing UPGRADE_0110: Add data validation rules for URLs database...
2025-12-08 11:05:59,950 [INFO] Progress: 110/1000 (11.0%)
2025-12-08 11:05:59,951 [INFO] Executing UPGRADE_0111: Add default values for Projects database...
2025-12-08 11:05:59,957 [INFO] Executing UPGRADE_0112: Add conditional formatting for Tasks database...
2025-12-08 11:05:59,963 [INFO] Executing UPGRADE_0113: Add template properties for Donations database...
2025-12-08 11:05:59,970 [INFO] Executing UPGRADE_0114: Add custom views for Leads database...
2025-12-08 11:05:59,977 [INFO] Executing UPGRADE_0115: Add filter presets for Content database...
2025-12-08 11:05:59,983 [INFO] Executing UPGRADE_0116: Add sort presets for Team database...
2025-12-08 11:05:59,990 [INFO] Executing UPGRADE_0117: Add grouping options for Chat database...
2025-12-08 11:06:00,003 [INFO] Executing UPGRADE_0118: Add aggregation functions for Timeline database...
2025-12-08 11:06:00,173 [INFO] Executing UPGRADE_0119: Add property dependencies for System Status database...
2025-12-08 11:06:00,180 [INFO] Executing UPGRADE_0120: Add cascading updates for URLs database...
2025-12-08 11:06:00,189 [INFO] Progress: 120/1000 (12.0%)
2025-12-08 11:06:00,189 [INFO] Executing UPGRADE_0121: Add calculated properties for Projects database...
2025-12-08 11:06:00,200 [INFO] Executing UPGRADE_0122: Add rollup properties for Tasks database...
2025-12-08 11:06:00,207 [INFO] Executing UPGRADE_0123: Add formula fields for Donations database...
2025-12-08 11:06:00,214 [INFO] Executing UPGRADE_0124: Add relation properties for Leads database...
2025-12-08 11:06:00,220 [INFO] Executing UPGRADE_0125: Add status automation for Content database...
2025-12-08 11:06:00,226 [INFO] Executing UPGRADE_0126: Add deadline reminders for Team database...
2025-12-08 11:06:00,232 [INFO] Executing UPGRADE_0127: Add health check automation for Chat database...
2025-12-08 11:06:00,239 [INFO] Executing UPGRADE_0128: Add URL verification for Timeline database...
2025-12-08 11:06:00,245 [INFO] Executing UPGRADE_0129: Add email validation for System Status database...
2025-12-08 11:06:00,251 [INFO] Executing UPGRADE_0130: Add data validation rules for URLs database...
2025-12-08 11:06:00,267 [INFO] Progress: 130/1000 (13.0%)
2025-12-08 11:06:00,267 [INFO] Executing UPGRADE_0131: Add default values for Projects database...
2025-12-08 11:06:00,384 [INFO] Executing UPGRADE_0132: Add conditional formatting for Tasks database...
2025-12-08 11:06:00,391 [INFO] Executing UPGRADE_0133: Add template properties for Donations database...
2025-12-08 11:06:00,398 [INFO] Executing UPGRADE_0134: Add custom views for Leads database...
2025-12-08 11:06:00,405 [INFO] Executing UPGRADE_0135: Add filter presets for Content database...
2025-12-08 11:06:00,411 [INFO] Executing UPGRADE_0136: Add sort presets for Team database...
2025-12-08 11:06:00,418 [INFO] Executing UPGRADE_0137: Add grouping options for Chat database...
2025-12-08 11:06:00,425 [INFO] Executing UPGRADE_0138: Add aggregation functions for Timeline database...
2025-12-08 11:06:00,433 [INFO] Executing UPGRADE_0139: Add property dependencies for System Status database...
2025-12-08 11:06:00,440 [INFO] Executing UPGRADE_0140: Add cascading updates for URLs database...
2025-12-08 11:06:00,448 [INFO] Progress: 140/1000 (14.0%)
2025-12-08 11:06:00,448 [INFO] Executing UPGRADE_0141: Add calculated properties for Projects database...
2025-12-08 11:06:00,456 [INFO] Executing UPGRADE_0142: Add rollup properties for Tasks database...
2025-12-08 11:06:00,462 [INFO] Executing UPGRADE_0143: Add formula fields for Donations database...
2025-12-08 11:06:00,469 [INFO] Executing UPGRADE_0144: Add relation properties for Leads database...
2025-12-08 11:06:00,477 [INFO] Executing UPGRADE_0145: Add status automation for Content database...
2025-12-08 11:06:00,485 [INFO] Executing UPGRADE_0146: Add deadline reminders for Team database...
2025-12-08 11:06:00,492 [INFO] Executing UPGRADE_0147: Add health check automation for Chat database...
2025-12-08 11:06:00,499 [INFO] Executing UPGRADE_0148: Add URL verification for Timeline database...
2025-12-08 11:06:00,506 [INFO] Executing UPGRADE_0149: Add email validation for System Status database...
2025-12-08 11:06:00,515 [INFO] Executing UPGRADE_0150: Add data validation rules for URLs database...
2025-12-08 11:06:00,525 [INFO] Progress: 150/1000 (15.0%)
2025-12-08 11:06:00,526 [INFO] ================================================================================
2025-12-08 11:06:00,526 [INFO] UPGRADE TASKS EXECUTION STATUS
2025-12-08 11:06:00,526 [INFO] ================================================================================
2025-12-08 11:06:00,526 [INFO] Total Tasks: 1000
2025-12-08 11:06:00,526 [INFO] Completed: 150
2025-12-08 11:06:00,527 [INFO] Failed: 0
2025-12-08 11:06:00,527 [INFO] Completion: 15.0%
2025-12-08 11:06:00,527 [INFO] 
By Category:
2025-12-08 11:06:00,530 [INFO]   analytics_reporting: 0
2025-12-08 11:06:00,532 [INFO]   automation_enhancements: 0
2025-12-08 11:06:00,532 [INFO]   database_enhancements: 150
2025-12-08 11:06:00,532 [INFO]   documentation_training: 0
2025-12-08 11:06:00,532 [INFO]   integration_expansions: 0
2025-12-08 11:06:00,533 [INFO]   performance_optimization: 0
2025-12-08 11:06:00,533 [INFO]   security_compliance: 0
2025-12-08 11:06:00,533 [INFO]   sync_enhancements: 0
2025-12-08 11:06:00,533 [INFO]   ui_ux_enhancements: 0
2025-12-08 11:06:00,534 [INFO] 
By Priority:
2025-12-08 11:06:00,534 [INFO]   critical: 0
2025-12-08 11:06:00,534 [INFO]   high: 100
2025-12-08 11:06:00,534 [INFO]   low: 0
2025-12-08 11:06:00,534 [INFO]   medium: 50
2025-12-08 11:06:00,535 [INFO] 
By Phase:
2025-12-08 11:06:00,535 [INFO]   phase_1: 49
2025-12-08 11:06:00,536 [INFO]   phase_2: 51
2025-12-08 11:06:00,536 [INFO]   phase_3: 50
2025-12-08 11:06:00,536 [INFO]   phase_4: 0
2025-12-08 11:06:00,538 [INFO] ================================================================================
2025-12-08 11:06:00,538 [INFO] 
Processing batch 151 to 200...
2025-12-08 11:06:00,538 [INFO] Executing UPGRADE_0151: Add default values for Projects database...
2025-12-08 11:06:00,548 [INFO] Executing UPGRADE_0152: Add conditional formatting for Tasks database...
2025-12-08 11:06:00,568 [INFO] Executing UPGRADE_0153: Add template properties for Donations database...
2025-12-08 11:06:00,576 [INFO] Executing UPGRADE_0154: Add custom views for Leads database...
2025-12-08 11:06:00,587 [INFO] Executing UPGRADE_0155: Add filter presets for Content database...
2025-12-08 11:06:00,592 [INFO] Executing UPGRADE_0156: Add sort presets for Team database...
2025-12-08 11:06:00,599 [INFO] Executing UPGRADE_0157: Add grouping options for Chat database...
2025-12-08 11:06:00,605 [INFO] Executing UPGRADE_0158: Add aggregation functions for Timeline database...
2025-12-08 11:06:00,613 [INFO] Executing UPGRADE_0159: Add property dependencies for System Status database...
2025-12-08 11:06:00,620 [INFO] Executing UPGRADE_0160: Add cascading updates for URLs database...
2025-12-08 11:06:00,627 [INFO] Progress: 160/1000 (16.0%)
2025-12-08 11:06:00,627 [INFO] Executing UPGRADE_0161: Add calculated properties for Projects database...
2025-12-08 11:06:00,637 [INFO] Executing UPGRADE_0162: Add rollup properties for Tasks database...
2025-12-08 11:06:00,645 [INFO] Executing UPGRADE_0163: Add formula fields for Donations database...
2025-12-08 11:06:00,667 [INFO] Executing UPGRADE_0164: Add relation properties for Leads database...
2025-12-08 11:06:00,679 [INFO] Executing UPGRADE_0165: Add status automation for Content database...
2025-12-08 11:06:00,688 [INFO] Executing UPGRADE_0166: Add deadline reminders for Team database...
2025-12-08 11:06:00,694 [INFO] Executing UPGRADE_0167: Add health check automation for Chat database...
2025-12-08 11:06:00,702 [INFO] Executing UPGRADE_0168: Add URL verification for Timeline database...
2025-12-08 11:06:00,710 [INFO] Executing UPGRADE_0169: Add email validation for System Status database...
2025-12-08 11:06:00,719 [INFO] Executing UPGRADE_0170: Add data validation rules for URLs database...
2025-12-08 11:06:00,726 [INFO] Progress: 170/1000 (17.0%)
2025-12-08 11:06:00,726 [INFO] Executing UPGRADE_0171: Add default values for Projects database...
2025-12-08 11:06:00,734 [INFO] Executing UPGRADE_0172: Add conditional formatting for Tasks database...
2025-12-08 11:06:00,741 [INFO] Executing UPGRADE_0173: Add template properties for Donations database...
2025-12-08 11:06:00,748 [INFO] Executing UPGRADE_0174: Add custom views for Leads database...
2025-12-08 11:06:00,756 [INFO] Executing UPGRADE_0175: Add filter presets for Content database...
2025-12-08 11:06:00,773 [INFO] Executing UPGRADE_0176: Add sort presets for Team database...
2025-12-08 11:06:00,789 [INFO] Executing UPGRADE_0177: Add grouping options for Chat database...
2025-12-08 11:06:00,795 [INFO] Executing UPGRADE_0178: Add aggregation functions for Timeline database...
2025-12-08 11:06:00,804 [INFO] Executing UPGRADE_0179: Add property dependencies for System Status database...
2025-12-08 11:06:00,811 [INFO] Executing UPGRADE_0180: Add cascading updates for URLs database...
2025-12-08 11:06:00,821 [INFO] Progress: 180/1000 (18.0%)
2025-12-08 11:06:00,821 [INFO] Executing UPGRADE_0181: Add calculated properties for Projects database...
2025-12-08 11:06:00,829 [INFO] Executing UPGRADE_0182: Add rollup properties for Tasks database...
2025-12-08 11:06:00,837 [INFO] Executing UPGRADE_0183: Add formula fields for Donations database...
2025-12-08 11:06:00,843 [INFO] Executing UPGRADE_0184: Add relation properties for Leads database...
2025-12-08 11:06:00,851 [INFO] Executing UPGRADE_0185: Add status automation for Content database...
2025-12-08 11:06:00,859 [INFO] Executing UPGRADE_0186: Add deadline reminders for Team database...
2025-12-08 11:06:00,869 [INFO] Executing UPGRADE_0187: Add health check automation for Chat database...
2025-12-08 11:06:00,877 [INFO] Executing UPGRADE_0188: Add URL verification for Timeline database...
2025-12-08 11:06:00,888 [INFO] Executing UPGRADE_0189: Add email validation for System Status database...
2025-12-08 11:06:00,905 [INFO] Executing UPGRADE_0190: Add data validation rules for URLs database...
2025-12-08 11:06:00,915 [INFO] Progress: 190/1000 (19.0%)
2025-12-08 11:06:00,916 [INFO] Executing UPGRADE_0191: Add default values for Projects database...
2025-12-08 11:06:00,926 [INFO] Executing UPGRADE_0192: Add conditional formatting for Tasks database...
2025-12-08 11:06:00,944 [INFO] Executing UPGRADE_0193: Add template properties for Donations database...
2025-12-08 11:06:00,959 [INFO] Executing UPGRADE_0194: Add custom views for Leads database...
2025-12-08 11:06:00,969 [INFO] Executing UPGRADE_0195: Add filter presets for Content database...
2025-12-08 11:06:00,978 [INFO] Executing UPGRADE_0196: Add sort presets for Team database...
2025-12-08 11:06:00,987 [INFO] Executing UPGRADE_0197: Add grouping options for Chat database...
2025-12-08 11:06:00,994 [INFO] Executing UPGRADE_0198: Add aggregation functions for Timeline database...
2025-12-08 11:06:01,002 [INFO] Executing UPGRADE_0199: Add property dependencies for System Status database...
2025-12-08 11:06:01,010 [INFO] Executing UPGRADE_0200: Add cascading updates for URLs database...
2025-12-08 11:06:01,022 [INFO] Progress: 200/1000 (20.0%)
2025-12-08 11:06:01,022 [INFO] ================================================================================
2025-12-08 11:06:01,023 [INFO] UPGRADE TASKS EXECUTION STATUS
2025-12-08 11:06:01,023 [INFO] ================================================================================
2025-12-08 11:06:01,023 [INFO] Total Tasks: 1000
2025-12-08 11:06:01,023 [INFO] Completed: 200
2025-12-08 11:06:01,023 [INFO] Failed: 0
2025-12-08 11:06:01,023 [INFO] Completion: 20.0%
2025-12-08 11:06:01,023 [INFO] 
By Category:
2025-12-08 11:06:01,023 [INFO]   analytics_reporting: 0
2025-12-08 11:06:01,023 [INFO]   automation_enhancements: 0
2025-12-08 11:06:01,023 [INFO]   database_enhancements: 200
2025-12-08 11:06:01,024 [INFO]   documentation_training: 0
2025-12-08 11:06:01,024 [INFO]   integration_expansions: 0
2025-12-08 11:06:01,024 [INFO]   performance_optimization: 0
2025-12-08 11:06:01,024 [INFO]   security_compliance: 0
2025-12-08 11:06:01,024 [INFO]   sync_enhancements: 0
2025-12-08 11:06:01,024 [INFO]   ui_ux_enhancements: 0
2025-12-08 11:06:01,024 [INFO] 
By Priority:
2025-12-08 11:06:01,024 [INFO]   critical: 0
2025-12-08 11:06:01,024 [INFO]   high: 100
2025-12-08 11:06:01,025 [INFO]   low: 0
2025-12-08 11:06:01,025 [INFO]   medium: 100
2025-12-08 11:06:01,025 [INFO] 
By Phase:
2025-12-08 11:06:01,025 [INFO]   phase_1: 49
2025-12-08 11:06:01,025 [INFO]   phase_2: 51
2025-12-08 11:06:01,025 [INFO]   phase_3: 100
2025-12-08 11:06:01,025 [INFO]   phase_4: 0
2025-12-08 11:06:01,026 [INFO] ================================================================================
2025-12-08 11:06:01,026 [INFO] 
✅ Phase 1 Complete! (200 tasks)
2025-12-08 11:06:01,026 [INFO] 
================================================================================
2025-12-08 11:06:01,026 [INFO] ✅ Execution Complete!
2025-12-08 11:06:01,026 [INFO] ================================================================================
2025-12-08 11:06:01,027 [INFO] ================================================================================
2025-12-08 11:06:01,027 [INFO] UPGRADE TASKS EXECUTION STATUS
2025-12-08 11:06:01,028 [INFO] ================================================================================
2025-12-08 11:06:01,028 [INFO] Total Tasks: 1000
2025-12-08 11:06:01,029 [INFO] Completed: 200
2025-12-08 11:06:01,029 [INFO] Failed: 0
2025-12-08 11:06:01,029 [INFO] Completion: 20.0%
2025-12-08 11:06:01,029 [INFO] 
By Category:
2025-12-08 11:06:01,029 [INFO]   analytics_reporting: 0
2025-12-08 11:06:01,029 [INFO]   automation_enhancements: 0
2025-12-08 11:06:01,030 [INFO]   database_enhancements: 200
2025-12-08 11:06:01,030 [INFO]   documentation_training: 0
2025-12-08 11:06:01,030 [INFO]   integration_expansions: 0
2025-12-08 11:06:01,031 [INFO]   performance_optimization: 0
2025-12-08 11:06:01,031 [INFO]   security_compliance: 0
2025-12-08 11:06:01,031 [INFO]   sync_enhancements: 0
2025-12-08 11:06:01,031 [INFO]   ui_ux_enhancements: 0
2025-12-08 11:06:01,031 [INFO] 
By Priority:
2025-12-08 11:06:01,031 [INFO]   critical: 0
2025-12-08 11:06:01,032 [INFO]   high: 100
2025-12-08 11:06:01,032 [INFO]   low: 0
2025-12-08 11:06:01,033 [INFO]   medium: 100
2025-12-08 11:06:01,033 [INFO] 
By Phase:
2025-12-08 11:06:01,033 [INFO]   phase_1: 49
2025-12-08 11:06:01,033 [INFO]   phase_2: 51
2025-12-08 11:06:01,034 [INFO]   phase_3: 100
2025-12-08 11:06:01,034 [INFO]   phase_4: 0
2025-12-08 11:06:01,034 [INFO] ================================================================================
